d:\baihoc\baitap(nhập môn lập trình c++).cpp\onthi(1)\onthi1.cpp\x64\debug\vc143.pdb
d:\baihoc\baitap(nhập môn lập trình c++).cpp\onthi(1)\onthi1.cpp\x64\debug\vc143.idb
d:\baihoc\baitap(nhập môn lập trình c++).cpp\onthi(1)\onthi1.cpp\x64\debug\baitap1.obj
d:\baihoc\baitap(nhập môn lập trình c++).cpp\onthi(1)\onthi1.cpp\x64\debug\baitap2.obj
d:\baihoc\baitap(nhập môn lập trình c++).cpp\onthi(1)\onthi1.cpp\x64\debug\baitap3a.obj
d:\baihoc\baitap(nhập môn lập trình c++).cpp\onthi(1)\onthi1.cpp\x64\debug\baitap3c.obj
d:\baihoc\baitap(nhập môn lập trình c++).cpp\onthi(1)\onthi1.cpp\x64\debug\baitap3b.obj
d:\baihoc\baitap(nhập môn lập trình c++).cpp\onthi(1)\onthi1.cpp\x64\debug\baitap3d.obj
d:\baihoc\baitap(nhập môn lập trình c++).cpp\onthi(1)\onthi1.cpp\x64\debug\baitap3e.obj
d:\baihoc\baitap(nhập môn lập trình c++).cpp\onthi(1)\onthi1.cpp\x64\debug\baitap5.obj
d:\baihoc\baitap(nhập môn lập trình c++).cpp\onthi(1)\onthi1.cpp\x64\debug\baitap5b.obj
d:\baihoc\baitap(nhập môn lập trình c++).cpp\onthi(1)\onthi1.cpp\x64\debug\baitap5a.obj
d:\baihoc\baitap(nhập môn lập trình c++).cpp\onthi(1)\onthi1.cpp\x64\debug\onthi1.cpp.ilk
d:\baihoc\baitap(nhập môn lập trình c++).cpp\onthi(1)\onthi1.cpp\x64\debug\onthi1.cpp.exe
d:\baihoc\baitap(nhập môn lập trình c++).cpp\onthi(1)\onthi1.cpp\x64\debug\onthi1.cpp.pdb
d:\baihoc\baitap(nhập môn lập trình c++).cpp\onthi(1)\onthi1.cpp\x64\debug\onthi1.obj
d:\baihoc\baitap(nhập môn lập trình c++).cpp\onthi(1)\onthi1.cpp\x64\debug\onthi1.cpp.tlog\cl.command.1.tlog
d:\baihoc\baitap(nhập môn lập trình c++).cpp\onthi(1)\onthi1.cpp\x64\debug\onthi1.cpp.tlog\cl.read.1.tlog
d:\baihoc\baitap(nhập môn lập trình c++).cpp\onthi(1)\onthi1.cpp\x64\debug\onthi1.cpp.tlog\cl.write.1.tlog
d:\baihoc\baitap(nhập môn lập trình c++).cpp\onthi(1)\onthi1.cpp\x64\debug\onthi1.cpp.tlog\link.command.1.tlog
d:\baihoc\baitap(nhập môn lập trình c++).cpp\onthi(1)\onthi1.cpp\x64\debug\onthi1.cpp.tlog\link.read.1.tlog
d:\baihoc\baitap(nhập môn lập trình c++).cpp\onthi(1)\onthi1.cpp\x64\debug\onthi1.cpp.tlog\link.write.1.tlog
